db_004d_5a389177.pbm M
db_0044_5a38917a.pbm D
db_0068_5a38917c.pbm h
db_0079_5a38917e.pbm y
db_006d_5a389186.pbm m
db_0028_5a38918a.pbm 0028
db_0046_5a38918c.pbm F
db_0045_5a389190.pbm E
db_0032_5a389192.pbm 2
db_0029_5a389194.pbm 0029
db_0031_5a389196.pbm 1
db_0033_5a389198.pbm 3
db_0039_5a38919b.pbm 9
db_004e_5a38919e.pbm N
db_0030_5a3891a1.pbm 0
db_002f_5a3891a3.pbm 002f
db_0041_5a3891a5.pbm A
db_0036_5a3891a8.pbm 6
db_0030_5a3891aa.pbm 0
db_0053_5a3891c6.pbm S
db_0074_5a3891c7.pbm t
db_0061_5a3891c7.pbm a
db_0069_5a3891c9.pbm i
db_006f_5a3891cb.pbm o
db_006e_5a3891cc.pbm n
db_0059_5a3891ce.pbm Y
db_0044_5a3891d1.pbm D
db_0041_5a3891d2.pbm A
db_0048_5a3891d4.pbm H
db_004d_5a3891d7.pbm M
db_0050_5a3891d9.pbm P
db_0031_5a3891da.pbm 1
db_0046_5a3891db.pbm F
db_0058_5a3891dd.pbm X
db_004e_5a3891df.pbm N
db_0047_5a3891e0.pbm G
db_0047_5a3891e2.pbm G
db_0049_5a3891e8.pbm I
db_0053_5a3891ea.pbm S
db_004f_5a3891eb.pbm O
db_004e_5a3891ec.pbm N
db_0044_5a3891ed.pbm D
db_0045_5a3891ee.pbm E
db_0069_5a3891f1.pbm i
db_0066_5a3891f8.pbm f
db_006f_5a3891f9.pbm o
db_0034_5a3891fc.pbm 4
db_0031_5a3891fe.pbm 1
db_0032_5a3891fe.pbm 2
db_0038_5a389200.pbm 8
db_006f_5a38920f.pbm o
db_0070_5a389212.pbm p
db_0066_5a389214.pbm f
db_0078_5a389223.pbm x
db_0035_5a389228.pbm 5
db_002e_5a38922d.pbm 002e
db_0073_5a389235.pbm s
db_0069_5a38923c.pbm i
db_006e_5a38923d.pbm n
db_0055_5a389248.pbm U
db_0034_5a38924a.pbm 4
db_002e_5a38924e.pbm 002e
db_0039_5a389255.pbm 9
db_002e_5a389264.pbm 002e
db_0060_5a389272.pbm 0060
db_0036_5a389284.pbm 6
db_0037_5a389293.pbm 7
db_0035_5a3892a9.pbm 5
db_0038_5a3892ae.pbm 8
db_0034_5a3892b7.pbm 4
db_0035_5a3892c2.pbm 5
db_0033_5a3892cb.pbm 3
db_0063_5a3892d6.pbm c
db_002d_5a3892e2.pbm 002d
db_006c_5a3892e5.pbm l
db_0065_5a3892e6.pbm e
db_0076_5a3892e6.pbm v
db_003a_5a3892f0.pbm 003a
db_0072_5a3892f2.pbm r
db_0074_5a3892f4.pbm t
db_0069_5a3892f5.pbm i
db_0073_5a3892f7.pbm s
db_0036_5a3892ff.pbm 6
db_0033_5a389311.pbm 3
db_005b_5a389313.pbm 005b
db_006b_5a389315.pbm k
db_005d_5a389316.pbm 005d
db_0048_5a389319.pbm H
db_007a_5a38931a.pbm z
db_0038_5a38931c.pbm 8
db_0035_5a38931d.pbm 5
db_0039_5a389322.pbm 9
db_0033_5a389323.pbm 3
db_0032_5a389324.pbm 2
db_0070_5a389325.pbm p
db_002f_5a389327.pbm 002f
db_0030_5a389329.pbm 0
db_0066_5a38932d.pbm f
db_0078_5a38932f.pbm x
db_0031_5a389332.pbm 1
db_0068_5a389334.pbm h
db_006b_5a389336.pbm k
db_0048_5a389337.pbm H
db_007a_5a389338.pbm z
db_0034_5a38933b.pbm 4
db_0047_5a38933e.pbm G
db_004e_5a389340.pbm N
db_0037_5a389342.pbm 7
db_006f_5a389345.pbm o
db_0077_5a389346.pbm w
db_006e_5a389349.pbm n
db_0067_5a38934a.pbm g
db_0072_5a38934b.pbm r
db_0061_5a38934c.pbm a
db_0076_5a389350.pbm v
db_0044_5a389361.pbm D
db_0079_5a389363.pbm y
db_0044_5a389367.pbm "DIG"
db_0028_5a389369.pbm 0028
db_0029_5a38936a.pbm 0029
db_0039_5a38936e.pbm 9
db_0030_5a38936f.pbm 0
db_0041_5a389370.pbm A
db_0036_5a389372.pbm 6
db_006f_5a38938a.pbm o
db_0058_5a38938c.pbm X
db_0049_5a38938e.pbm I
db_0047_5a389390.pbm G
db_0049_5a389391.pbm I
db_0053_5a389392.pbm S
db_004f_5a389393.pbm O
db_004e_5a389394.pbm N
db_0044_5a389394.pbm D
db_0045_5a389395.pbm E
db_0045_5a389396.pbm E
db_006c_5a389399.pbm l
db_0078_5a3893a3.pbm x
db_0049_5a3893a5.pbm I
db_0073_5a3893af.pbm s
db_0039_5a3893bf.pbm 9
db_0035_5a3893e2.pbm 5
db_0042_5a3893f1.pbm B
db_0033_5a3893f8.pbm 3
db_0063_5a389401.pbm c
db_0073_5a389408.pbm s
db_0033_5a38940e.pbm 3
db_0036_5a389410.pbm 6
db_0039_5a389412.pbm 9
db_0074_5a389418.pbm t
db_006d_5a389419.pbm m
db_0078_5a38941c.pbm x
db_0044_5a38941e.pbm D
db_0050_5a38941f.pbm P
db_0053_5a389420.pbm S
db_0045_5a389421.pbm E
db_0047_5a389422.pbm G
db_004e_5a389423.pbm N
db_0037_5a389426.pbm 7
db_0077_5a389428.pbm w
db_0049_5a38942a.pbm I
db_0061_5a38942b.pbm a
db_0044_5a3894e9.pbm "DIG"
db_0032_5a3894eb.pbm 2
db_0036_5a3894ee.pbm 6
db_0065_5a389525.pbm e
db_006c_5a389526.pbm l
db_0053_5a389527.pbm S
db_0061_5a389528.pbm a
db_006f_5a389529.pbm o
db_0059_5a38952b.pbm Y
db_0041_5a38952c.pbm A
db_0058_5a38952d.pbm X
db_0047_5a38952f.pbm G
db_0049_5a389530.pbm I
db_0053_5a389531.pbm S
db_004f_5a389532.pbm O
db_004e_5a389533.pbm N
db_0044_5a389534.pbm D
db_0045_5a389535.pbm E
db_0038_5a389536.pbm 8
db_0030_5a389537.pbm 0
db_002f_5a389546.pbm 002f
db_0041_5a389548.pbm A
db_0078_5a38954a.pbm x
db_0073_5a38954c.pbm s
db_004d_5a38955c.pbm M
db_0055_5a389561.pbm U
db_0046_5a389562.pbm F
db_0028_5a38956a.pbm 0028
db_0044_5a38956b.pbm D
db_0029_5a38956c.pbm 0029
db_0030_5a38956f.pbm 0
db_002e_5a389570.pbm 002e
db_0038_5a389572.pbm 8
db_0033_5a389573.pbm 3
db_0039_5a389575.pbm 9
db_0030_5a38957c.pbm 0
db_0046_5a389583.pbm F
db_0031_5a389585.pbm 1
db_0039_5a389586.pbm 9
db_0037_5a389588.pbm 7
db_0036_5a389589.pbm 6
db_0039_5a389590.pbm 9
db_0036_5a389598.pbm 6
db_0034_5a3895a0.pbm 4
db_0035_5a3895a3.pbm 5
db_006d_5a3895b0.pbm m
db_0046_5a3895b2.pbm F
db_004e_5a3895b4.pbm N
db_002f_5a3895b5.pbm 002f
db_0079_5a3895c2.pbm y
db_0033_5a3895ed.pbm 3
db_0075_5a3895f5.pbm u
db_0053_5a389601.pbm S
db_004f_5a389603.pbm O
db_0045_5a389604.pbm E
db_006b_5a389611.pbm k
db_0077_5a389613.pbm w
db_0053_5a389615.pbm S
db_0063_5a389616.pbm c
db_0061_5a389617.pbm a
db_0035_5a38961a.pbm 5
db_0036_5a38961b.pbm 6
db_0030_5a38961e.pbm 0
db_0037_5a389620.pbm 7
db_0039_5a389621.pbm 9
db_0038_5a389624.pbm 8
db_0036_5a389625.pbm 6
db_0037_5a389627.pbm 7
db_0039_5a389628.pbm 9
db_002e_5a38962c.pbm 002e
db_002f_5a38962d.pbm 002f
db_0078_5a38962f.pbm x
db_0032_5a38962f.pbm 2
db_0068_5a389631.pbm h
db_006b_5a389632.pbm k
db_0053_5a389634.pbm S
db_0041_5a389635.pbm A
db_004e_5a38963a.pbm N
db_0033_5a38963c.pbm 3
db_005f_5a38964c.pbm 005f
db_0077_5a389651.pbm w
db_006e_5a389653.pbm n
db_0061_5a389654.pbm a
db_004c_5a38b101.pbm "Low"
db_0073_5a38b110.pbm s
db_0069_5a38b115.pbm i
db_002e_5a38b11e.pbm ".5"
db_0030_5a38b123.pbm 0
db_0073_5a38b12f.pbm s
db_002e_5a38b156.pbm 002e
db_0036_5a38b168.pbm 6
db_0057_5a38b16b.pbm W
db_0073_5a38b187.pbm s
db_0036_5a38b1bc.pbm 6
db_0057_5a38b1be.pbm W
db_0073_5a3928d3.pbm s
db_002e_5a3928de.pbm ".6"
db_0030_5a39290c.pbm 0
db_0036_5a39290e.pbm 6
db_0057_5a39290f.pbm W
